<?xml version="1.0" encoding="UTF-8"?>
<!-- Generated by org.testng.reporters.JUnitReportReporter -->
<testsuite skipped="1" hostname="DESKTOP-1BDQC6B" name="testcases.TitleSectionTest" tests="1" failures="0" timestamp="29 May 2020 11:05:22 GMT" time="0.058" errors="0">
  <testcase name="validateTitle" time="0.058" classname="testcases.TitleSectionTest">
    <skipped/>
  </testcase> <!-- validateTitle -->
</testsuite> <!-- testcases.TitleSectionTest -->
