<?xml version="1.0" encoding="UTF-8"?>
<!-- Generated by org.testng.reporters.JUnitReportReporter -->
<testsuite skipped="0" hostname="DESKTOP-1BDQC6B" name="testcases.SearchItemTest" tests="1" failures="0" timestamp="29 May 2020 11:05:22 GMT" time="21.342" errors="0">
  <testcase name="searchItemTest" time="21.342" classname="testcases.SearchItemTest"/>
</testsuite> <!-- testcases.SearchItemTest -->
