<?xml version="1.0" encoding="UTF-8"?>
<!-- Generated by org.testng.reporters.JUnitReportReporter -->
<testsuite skipped="0" hostname="DESKTOP-1BDQC6B" name="testcases.TitleSectionTest" tests="1" failures="0" timestamp="2020-05-26T22:03:16 IST" time="17.873" errors="0">
  <testcase name="validateTitle" time="17.873" classname="testcases.TitleSectionTest"/>
  <system-out/>
</testsuite> <!-- testcases.TitleSectionTest -->
